<?xml version="1.0" encoding="UTF-8"?>
<testsuite name="TestHelloWorld" tests="1" skipped="0" failures="0" errors="0" timestamp="2022-09-14T08:19:02" hostname="DESKTOP-VE51F65" time="0.017">
  <properties/>
  <testcase name="testSayHello" classname="TestHelloWorld" time="0.017"/>
  <system-out><![CDATA[]]></system-out>
  <system-err><![CDATA[]]></system-err>
</testsuite>
